Database table pressidium_cookie_consents upgraded
Updated settings successfully
Updated settings successfully
Updated settings successfully
Updated settings successfully
Attempted to export a table with no data.
Attempted to export a table with no data.
Attempted to export a table with no data.
Attempted to export a table with no data.
Attempted to update a consent record while recording was disabled
Attempted to update a consent record while recording was disabled
Attempted to update a consent record while recording was disabled
Attempted to update a consent record while recording was disabled
Could not instantiate AI instance
Could not instantiate AI instance
Could not instantiate AI instance
Could not instantiate AI instance
Could not instantiate AI instance
Could not instantiate AI instance
Could not instantiate AI instance
Could not instantiate AI instance
Could not instantiate AI instance
Could not instantiate AI instance
Could not instantiate AI instance
Could not instantiate AI instance
Could not instantiate AI instance
Could not instantiate AI instance
Could not instantiate AI instance
Could not instantiate AI instance
Could not instantiate AI instance
Could not instantiate AI instance
Could not instantiate AI instance
Could not instantiate AI instance
Could not instantiate AI instance
Could not instantiate AI instance
Could not instantiate AI instance
Could not instantiate AI instance
Could not instantiate AI instance
Could not instantiate AI instance
Could not instantiate AI instance
Could not instantiate AI instance
Could not instantiate AI instance
Could not instantiate AI instance
Could not instantiate AI instance
Could not instantiate AI instance
Could not instantiate AI instance
Could not instantiate AI instance
Could not instantiate AI instance
Could not instantiate AI instance
Could not instantiate AI instance
Could not instantiate AI instance
Could not instantiate AI instance
Could not instantiate AI instance
Could not instantiate AI instance
Could not instantiate AI instance
Could not instantiate AI instance
Could not instantiate AI instance
Could not instantiate AI instance
Could not instantiate AI instance
Could not instantiate AI instance
Could not instantiate AI instance
Could not instantiate AI instance
Could not instantiate AI instance
Could not instantiate AI instance
Could not instantiate AI instance
Could not instantiate AI instance
Could not instantiate AI instance
Could not instantiate AI instance
Could not instantiate AI instance
Could not instantiate AI instance
Could not instantiate AI instance
Could not instantiate AI instance
Could not instantiate AI instance
Could not instantiate AI instance
Could not instantiate AI instance
Could not instantiate AI instance
Could not instantiate AI instance
Could not instantiate AI instance
Could not instantiate AI instance
Could not instantiate AI instance
Could not instantiate AI instance
Could not instantiate AI instance
Could not instantiate AI instance
Could not instantiate AI instance
Could not instantiate AI instance
Could not instantiate AI instance
Could not instantiate AI instance
Could not instantiate AI instance
Could not instantiate AI instance
Could not instantiate AI instance
Could not instantiate AI instance
Could not instantiate AI instance
Could not instantiate AI instance
Could not instantiate AI instance
Could not instantiate AI instance
Could not instantiate AI instance
Could not instantiate AI instance
Could not instantiate AI instance
Could not instantiate AI instance
Could not instantiate AI instance
Could not instantiate AI instance
Could not instantiate AI instance
Could not instantiate AI instance
Could not instantiate AI instance
Could not instantiate AI instance
Could not instantiate AI instance
Could not instantiate AI instance
Could not instantiate AI instance
Could not instantiate AI instance
Could not instantiate AI instance
Could not instantiate AI instance
Could not instantiate AI instance
Could not instantiate AI instance
Feedback API error: Invalid request body
Could not instantiate AI instance
Feedback API error: Invalid request body
Could not instantiate AI instance
Submitted feedback successfully
Could not instantiate AI instance
Submitted feedback successfully
Could not instantiate AI instance
Could not instantiate AI instance
Could not instantiate AI instance
Could not instantiate AI instance
Could not instantiate AI instance
Could not instantiate AI instance
Could not instantiate AI instance
Could not instantiate AI instance
Could not instantiate AI instance
Could not instantiate AI instance
Could not instantiate AI instance
Could not instantiate AI instance
Could not instantiate AI instance
Could not instantiate AI instance
Could not instantiate AI instance
Could not instantiate AI instance
Could not instantiate AI instance
Could not instantiate AI instance
Could not instantiate AI instance
Could not instantiate AI instance
Could not instantiate AI instance
Could not instantiate AI instance
Could not instantiate AI instance
Could not instantiate AI instance
Could not instantiate AI instance
Could not instantiate AI instance
Could not instantiate AI instance
Could not instantiate AI instance
Could not instantiate AI instance
Could not instantiate AI instance
Could not instantiate AI instance
Could not instantiate AI instance
Could not instantiate AI instance
Could not instantiate AI instance
Could not instantiate AI instance
Could not instantiate AI instance
Could not instantiate AI instance
Could not instantiate AI instance
Could not instantiate AI instance
Could not instantiate AI instance
Could not instantiate AI instance
Could not instantiate AI instance
Could not instantiate AI instance
Could not instantiate AI instance
Could not instantiate AI instance
Could not instantiate AI instance
Could not instantiate AI instance
Could not instantiate AI instance
Could not instantiate AI instance
Could not instantiate AI instance
Could not instantiate AI instance
Could not instantiate AI instance
Could not instantiate AI instance
Could not instantiate AI instance
Could not instantiate AI instance
Could not instantiate AI instance
Could not instantiate AI instance
Could not instantiate AI instance
Could not instantiate AI instance
Could not instantiate AI instance
Could not instantiate AI instance
Could not instantiate AI instance
Could not instantiate AI instance
Could not instantiate AI instance
Could not instantiate AI instance
Could not instantiate AI instance
Could not instantiate AI instance
Could not instantiate AI instance
Could not instantiate AI instance
Could not instantiate AI instance
Could not instantiate AI instance
Could not instantiate AI instance
Could not instantiate AI instance
Could not instantiate AI instance
Could not instantiate AI instance
Could not instantiate AI instance
Could not instantiate AI instance
Could not instantiate AI instance
Could not instantiate AI instance
Could not instantiate AI instance
Could not instantiate AI instance
Could not instantiate AI instance
Could not instantiate AI instance
Could not instantiate AI instance
Could not instantiate AI instance
