
5 Dec 25, 13:35
'Create Management API Client'

5 Dec 25, 13:35
'API Host: https://admin.doofinder.com'

5 Dec 25, 13:35
'Hash: Array
(
    [] => 
    [en_US] => 
)
'

5 Dec 25, 13:35
'Create Management API Client'

5 Dec 25, 13:35
'API Host: https://admin.doofinder.com'

5 Dec 25, 13:35
'Hash: Array
(
    [] => 
    [en_US] => 
)
'

5 Dec 25, 13:35
'Create Management API Client'

5 Dec 25, 13:35
'API Host: https://admin.doofinder.com'

5 Dec 25, 13:35
'Hash: Array
(
    [] => 
    [en_US] => 
)
'

5 Dec 25, 13:35
'Create Management API Client'

5 Dec 25, 13:35
'API Host: https://admin.doofinder.com'

5 Dec 25, 13:35
'Hash: Array
(
    [] => 
    [en_US] => 
)
'

5 Dec 25, 13:35
'Create Management API Client'

5 Dec 25, 13:35
'API Host: https://admin.doofinder.com'

5 Dec 25, 13:35
'Hash: Array
(
    [] => 
    [en_US] => 
)
'

5 Dec 25, 13:35
'Create Management API Client'

5 Dec 25, 13:35
'API Host: https://admin.doofinder.com'

5 Dec 25, 13:35
'Hash: Array
(
    [] => 
    [en_US] => 
)
'

5 Dec 25, 13:35
'Create Management API Client'

5 Dec 25, 13:35
'API Host: https://admin.doofinder.com'

5 Dec 25, 13:35
'Hash: Array
(
    [] => 
    [en_US] => 
)
'

5 Dec 25, 13:35
'Create Management API Client'

5 Dec 25, 13:35
'API Host: https://admin.doofinder.com'

5 Dec 25, 13:35
'Hash: Array
(
    [] => 
    [en_US] => 
)
'

5 Dec 25, 13:35
'Create Management API Client'

5 Dec 25, 13:35
'API Host: https://admin.doofinder.com'

5 Dec 25, 13:35
'Hash: Array
(
    [] => 
    [en_US] => 
)
'

5 Dec 25, 13:35
'Create Management API Client'

5 Dec 25, 13:35
'API Host: https://admin.doofinder.com'

5 Dec 25, 13:35
'Hash: Array
(
    [] => 
    [en_US] => 
)
'

5 Dec 25, 13:35
'Create Management API Client'

5 Dec 25, 13:35
'API Host: https://admin.doofinder.com'

5 Dec 25, 13:35
'Hash: Array
(
    [] => 
    [en_US] => 
)
'

5 Dec 25, 13:35
'Create Management API Client'

5 Dec 25, 13:35
'API Host: https://admin.doofinder.com'

5 Dec 25, 13:35
'Hash: Array
(
    [] => 
    [en_US] => 
)
'

5 Dec 25, 13:35
'Create Management API Client'

5 Dec 25, 13:35
'API Host: https://admin.doofinder.com'

5 Dec 25, 13:35
'Hash: Array
(
    [] => 
    [en_US] => 
)
'

5 Dec 25, 13:35
'Create Management API Client'

5 Dec 25, 13:35
'API Host: https://admin.doofinder.com'

5 Dec 25, 13:35
'Hash: Array
(
    [] => 
    [en_US] => 
)
'

5 Dec 25, 13:35
'Create Management API Client'

5 Dec 25, 13:35
'API Host: https://admin.doofinder.com'

5 Dec 25, 13:35
'Hash: Array
(
    [] => 
    [en_US] => 
)
'

5 Dec 25, 13:35
'Create Management API Client'

5 Dec 25, 13:35
'API Host: https://admin.doofinder.com'

5 Dec 25, 13:35
'Hash: Array
(
    [] => 
    [en_US] => 
)
'

5 Dec 25, 13:35
'Create Management API Client'

5 Dec 25, 13:35
'API Host: https://admin.doofinder.com'

5 Dec 25, 13:35
'Hash: Array
(
    [] => 
    [en_US] => 
)
'

5 Dec 25, 13:35
'Create Management API Client'

5 Dec 25, 13:35
'API Host: https://admin.doofinder.com'

5 Dec 25, 13:35
'Hash: Array
(
    [] => 
    [en_US] => 
)
'

5 Dec 25, 13:35
'Create Management API Client'

5 Dec 25, 13:35
'API Host: https://admin.doofinder.com'

5 Dec 25, 13:35
'Hash: Array
(
    [] => 
    [en_US] => 
)
'

5 Dec 25, 13:35
'Create Management API Client'

5 Dec 25, 13:35
'API Host: https://admin.doofinder.com'

5 Dec 25, 13:35
'Hash: Array
(
    [] => 
    [en_US] => 
)
'

5 Dec 25, 13:35
'Create Management API Client'

5 Dec 25, 13:35
'API Host: https://admin.doofinder.com'

5 Dec 25, 13:35
'Hash: Array
(
    [] => 
    [en_US] => 
)
'

5 Dec 25, 13:35
'Create Management API Client'

5 Dec 25, 13:35
'API Host: https://admin.doofinder.com'

5 Dec 25, 13:35
'Hash: Array
(
    [] => 
    [en_US] => 
)
'

5 Dec 25, 13:35
'Create Management API Client'

5 Dec 25, 13:35
'API Host: https://admin.doofinder.com'

5 Dec 25, 13:35
'Hash: Array
(
    [] => 
    [en_US] => 
)
'

5 Dec 25, 13:35
'Create Management API Client'

5 Dec 25, 13:35
'API Host: https://admin.doofinder.com'

5 Dec 25, 13:35
'Hash: Array
(
    [] => 
    [en_US] => 
)
'

5 Dec 25, 13:35
'Create Management API Client'

5 Dec 25, 13:35
'API Host: https://admin.doofinder.com'

5 Dec 25, 13:35
'Hash: Array
(
    [] => 
    [en_US] => 
)
'

5 Dec 25, 13:35
'Create Management API Client'

5 Dec 25, 13:35
'API Host: https://admin.doofinder.com'

5 Dec 25, 13:35
'Hash: Array
(
    [] => 
    [en_US] => 
)
'
