
03-12-2025 04:09:04 [localhost][info] Start plugin migration < 1.1.5.
																	-DB Version: 0
																	-Plugin Version in DB: 1.9.0
																	-Current Plugin Version: 1.9.0
03-12-2025 04:09:04 [localhost][info] Plugin migration was successfull!
03-12-2025 04:09:04 [localhost][info] Start plugin migration < 1.3.0.
																	-DB Version: 0
																	-Plugin Version in DB: 1.9.0
																	-Current Plugin Version: 1.9.0
03-12-2025 04:09:05 [localhost][info] Plugin migration was successfull!
03-12-2025 04:09:05 [localhost][info] Start plugin migration < 1.3.6.
																	-DB Version: 1
																	-Plugin Version in DB: 1.9.0
																	-Current Plugin Version: 1.9.0
03-12-2025 04:09:05 [localhost][info] Plugin migration was successfull!
03-12-2025 04:09:05 [localhost][info] Start plugin migration < 1.3.9.
																	-DB Version: 1
																	-Plugin Version in DB: 1.9.0
																	-Current Plugin Version: 1.9.0
03-12-2025 04:09:05 [localhost][info] Plugin migration was successfull!
03-12-2025 04:09:05 [localhost][info] Start plugin migration < 1.4.2.
																	-DB Version: 1
																	-Plugin Version in DB: 1.9.0
																	-Current Plugin Version: 1.9.0
03-12-2025 04:09:05 [localhost][info] Plugin migration was successfull!
03-12-2025 04:09:05 [localhost][info] Plugin migration to 1.5.1 was successful!
03-12-2025 04:09:05 [localhost][info] Plugin migration to 1.8.2 was successful!
03-12-2025 04:09:05 [localhost][info] Plugin migration to 1.8.3 was successful!
-------------------------------
03-12-2025 04:09:05 [localhost][info] Try to create backup directory. Backup dir: (/var/www/html/wp-content/uploads/wio_backup)
-------------------------------
03-12-2025 04:09:05 [localhost][info] Try to create backup directory. Backup dir: (/var/www/html/wp-content/uploads/wio_backup)
-------------------------------
03-12-2025 04:09:13 [localhost][info] Start meta migration. Limit 150
03-12-2025 04:09:13 [localhost][info] Memory: 128M (avail) / 4.00M (used) / 4.00M (peak)
03-12-2025 04:09:13 [localhost][info] Succefull migrated all items. Finishing-up...
03-12-2025 04:09:13 [localhost][info] Memory: 128M (avail) / 4.00M (used) / 4.00M (peak)
-------------------------------