2025-12-02T20:25:42+00:00 CRITICAL Uncaught TypeError: json_decode(): Argument #1 ($json) must be of type string, array given in /var/www/html/wp-content/plugins/user-registration/includes/RestApi/controllers/version1/class-ur-gutenberg-blocks.php:165
Stack trace:
#0 /var/www/html/wp-content/plugins/user-registration/includes/RestApi/controllers/version1/class-ur-gutenberg-blocks.php(165): json_decode(Array, true)
#1 [internal function]: UR_Gutenberg_Blocks::ur_verify_pages(Object(WP_REST_Request))
#2 /var/www/html/wp-includes/rest-api/class-wp-rest-server.php(1292): call_user_func(Array, Object(WP_REST_Request))
#3 /var/www/html/wp-includes/rest-api/class-wp-rest-server.php(1125): WP_REST_Server->respond_to_request(Object(WP_REST_Request), '/user-registrat...', Array, NULL)
#4 /var/www/html/wp-includes/rest-api/class-wp-rest-server.php(439): WP_REST_Server->dispatch(Object(WP_REST_Request))
#5 /var/www/html/wp-includes/rest-api.php(459): WP_REST_Server->serve_request('/user-registrat...')
#6 [internal function]: rest_api_loaded(Object(WP))
#7 /var/www/html/wp-includes/class-wp-hook.php(324): call_user_func_array('rest_api_loaded', Array)
#8 /var/www/html/wp-includes/class-wp-hook.php(348): WP_Hook->apply_filters(NULL, Array)
#9 /var/www/html/wp-includes/plugin.php(565): WP_Hook->do_action(Array)
#10 /var/www/html/wp-includes/class-wp.php(418): do_action_ref_array('parse_request', Array)
#11 /var/www/html/wp-includes/class-wp.php(818): WP->parse_request('')
#12 /var/www/html/wp-includes/functions.php(1342): WP->main('')
#13 /var/www/html/wp-blog-header.php(16): wp()
#14 /var/www/html/index.php(17): require('/var/www/html/w...')
#15 {main}
  thrown in /var/www/html/wp-content/plugins/user-registration/includes/RestApi/controllers/version1/class-ur-gutenberg-blocks.php on line 165

2025-12-02T20:25:42+00:00 CRITICAL Uncaught TypeError: json_decode(): Argument #1 ($json) must be of type string, array given in /var/www/html/wp-content/plugins/user-registration/includes/RestApi/controllers/version1/class-ur-gutenberg-blocks.php:165
Stack trace:
#0 /var/www/html/wp-content/plugins/user-registration/includes/RestApi/controllers/version1/class-ur-gutenberg-blocks.php(165): json_decode(Array, true)
#1 [internal function]: UR_Gutenberg_Blocks::ur_verify_pages(Object(WP_REST_Request))
#2 /var/www/html/wp-includes/rest-api/class-wp-rest-server.php(1292): call_user_func(Array, Object(WP_REST_Request))
#3 /var/www/html/wp-includes/rest-api/class-wp-rest-server.php(1125): WP_REST_Server->respond_to_request(Object(WP_REST_Request), '/user-registrat...', Array, NULL)
#4 /var/www/html/wp-includes/rest-api/class-wp-rest-server.php(439): WP_REST_Server->dispatch(Object(WP_REST_Request))
#5 /var/www/html/wp-includes/rest-api.php(459): WP_REST_Server->serve_request('/user-registrat...')
#6 [internal function]: rest_api_loaded(Object(WP))
#7 /var/www/html/wp-includes/class-wp-hook.php(324): call_user_func_array('rest_api_loaded', Array)
#8 /var/www/html/wp-includes/class-wp-hook.php(348): WP_Hook->apply_filters(NULL, Array)
#9 /var/www/html/wp-includes/plugin.php(565): WP_Hook->do_action(Array)
#10 /var/www/html/wp-includes/class-wp.php(418): do_action_ref_array('parse_request', Array)
#11 /var/www/html/wp-includes/class-wp.php(818): WP->parse_request('')
#12 /var/www/html/wp-includes/functions.php(1342): WP->main('')
#13 /var/www/html/wp-blog-header.php(16): wp()
#14 /var/www/html/index.php(17): require('/var/www/html/w...')
#15 {main}
  thrown in /var/www/html/wp-content/plugins/user-registration/includes/RestApi/controllers/version1/class-ur-gutenberg-blocks.php on line 165

2025-12-02T20:25:44+00:00 CRITICAL Uncaught TypeError: in_array(): Argument #2 ($haystack) must be of type array, null given in /var/www/html/wp-content/plugins/user-registration/includes/RestApi/controllers/version1/class-ur-plugin-status.php:96
Stack trace:
#0 /var/www/html/wp-content/plugins/user-registration/includes/RestApi/controllers/version1/class-ur-plugin-status.php(96): in_array('user-registrati...', NULL)
#1 [internal function]: UR_Plugin_Status::plugin_upgrade(Object(WP_REST_Request))
#2 /var/www/html/wp-includes/rest-api/class-wp-rest-server.php(1292): call_user_func(Array, Object(WP_REST_Request))
#3 /var/www/html/wp-includes/rest-api/class-wp-rest-server.php(1125): WP_REST_Server->respond_to_request(Object(WP_REST_Request), '/user-registrat...', Array, NULL)
#4 /var/www/html/wp-includes/rest-api/class-wp-rest-server.php(439): WP_REST_Server->dispatch(Object(WP_REST_Request))
#5 /var/www/html/wp-includes/rest-api.php(459): WP_REST_Server->serve_request('/user-registrat...')
#6 [internal function]: rest_api_loaded(Object(WP))
#7 /var/www/html/wp-includes/class-wp-hook.php(324): call_user_func_array('rest_api_loaded', Array)
#8 /var/www/html/wp-includes/class-wp-hook.php(348): WP_Hook->apply_filters(NULL, Array)
#9 /var/www/html/wp-includes/plugin.php(565): WP_Hook->do_action(Array)
#10 /var/www/html/wp-includes/class-wp.php(418): do_action_ref_array('parse_request', Array)
#11 /var/www/html/wp-includes/class-wp.php(818): WP->parse_request('')
#12 /var/www/html/wp-includes/functions.php(1342): WP->main('')
#13 /var/www/html/wp-blog-header.php(16): wp()
#14 /var/www/html/index.php(17): require('/var/www/html/w...')
#15 {main}
  thrown in /var/www/html/wp-content/plugins/user-registration/includes/RestApi/controllers/version1/class-ur-plugin-status.php on line 96

2025-12-02T20:25:44+00:00 CRITICAL Uncaught TypeError: in_array(): Argument #2 ($haystack) must be of type array, null given in /var/www/html/wp-content/plugins/user-registration/includes/RestApi/controllers/version1/class-ur-plugin-status.php:96
Stack trace:
#0 /var/www/html/wp-content/plugins/user-registration/includes/RestApi/controllers/version1/class-ur-plugin-status.php(96): in_array('user-registrati...', NULL)
#1 [internal function]: UR_Plugin_Status::plugin_upgrade(Object(WP_REST_Request))
#2 /var/www/html/wp-includes/rest-api/class-wp-rest-server.php(1292): call_user_func(Array, Object(WP_REST_Request))
#3 /var/www/html/wp-includes/rest-api/class-wp-rest-server.php(1125): WP_REST_Server->respond_to_request(Object(WP_REST_Request), '/user-registrat...', Array, NULL)
#4 /var/www/html/wp-includes/rest-api/class-wp-rest-server.php(439): WP_REST_Server->dispatch(Object(WP_REST_Request))
#5 /var/www/html/wp-includes/rest-api.php(459): WP_REST_Server->serve_request('/user-registrat...')
#6 [internal function]: rest_api_loaded(Object(WP))
#7 /var/www/html/wp-includes/class-wp-hook.php(324): call_user_func_array('rest_api_loaded', Array)
#8 /var/www/html/wp-includes/class-wp-hook.php(348): WP_Hook->apply_filters(NULL, Array)
#9 /var/www/html/wp-includes/plugin.php(565): WP_Hook->do_action(Array)
#10 /var/www/html/wp-includes/class-wp.php(418): do_action_ref_array('parse_request', Array)
#11 /var/www/html/wp-includes/class-wp.php(818): WP->parse_request('')
#12 /var/www/html/wp-includes/functions.php(1342): WP->main('')
#13 /var/www/html/wp-blog-header.php(16): wp()
#14 /var/www/html/index.php(17): require('/var/www/html/w...')
#15 {main}
  thrown in /var/www/html/wp-content/plugins/user-registration/includes/RestApi/controllers/version1/class-ur-plugin-status.php on line 96

